[31m[Nest] 126556  - [39m16/03/2026, 16:11:29 [31m  ERROR[39m [38;5;3m[NestApplication] [39m[31mError: listen EADDRINUSE: address already in use :::3001[39m[38;5;3m +2ms[39m
node:net:1940
    const ex = new UVExceptionWithHostPort(err, 'listen', address, port);
               ^

Error: listen EADDRINUSE: address already in use :::3001
    at Server.setupListenHandle [as _listen2] (node:net:1940:16)
    at listenInCluster (node:net:1997:12)
    at Server.listen (node:net:2102:7)
    at ExpressAdapter.listen (C:\Users\warre\Downloads\DPP\node_modules\@nestjs\platform-express\adapters\express-adapter.js:127:32)
    at C:\Users\warre\Downloads\DPP\node_modules\@nestjs\core\nest-application.js:188:30
    at new Promise (<anonymous>)
    at NestApplication.listen (C:\Users\warre\Downloads\DPP\node_modules\@nestjs\core\nest-application.js:178:16)
    at async bootstrap (C:\Users\warre\Downloads\DPP\apps\api\dist\main.js:9:5) {
  code: 'EADDRINUSE',
  errno: -4091,
  syscall: 'listen',
  address: '::',
  port: 3001
}

Node.js v22.19.0
